.\Debug\StartHere.ilk
.\Debug\StartHere.pdb
D:\code\AI Source\LATEST vc6-vc10\VS2010\Buckland_Chapter6_Scripting_Source\StartHere\.\Debug\StartHere.exe
D:\code\AI Source\LATEST vc6-vc10\VS2010\Buckland_Chapter6_Scripting_Source\StartHere\.\Debug\StartHere.exe.intermediate.manifest
D:\code\AI Source\LATEST vc6-vc10\VS2010\Buckland_Chapter6_Scripting_Source\StartHere\Debug\cl.command.1.tlog
D:\code\AI Source\LATEST vc6-vc10\VS2010\Buckland_Chapter6_Scripting_Source\StartHere\Debug\CL.read.1.tlog
D:\code\AI Source\LATEST vc6-vc10\VS2010\Buckland_Chapter6_Scripting_Source\StartHere\Debug\CL.write.1.tlog
D:\code\AI Source\LATEST vc6-vc10\VS2010\Buckland_Chapter6_Scripting_Source\StartHere\Debug\link.11908.read.1.tlog
D:\code\AI Source\LATEST vc6-vc10\VS2010\Buckland_Chapter6_Scripting_Source\StartHere\Debug\link.11908.write.1.tlog
D:\code\AI Source\LATEST vc6-vc10\VS2010\Buckland_Chapter6_Scripting_Source\StartHere\Debug\link.11908-cvtres.read.1.tlog
D:\code\AI Source\LATEST vc6-vc10\VS2010\Buckland_Chapter6_Scripting_Source\StartHere\Debug\link.11908-cvtres.write.1.tlog
D:\code\AI Source\LATEST vc6-vc10\VS2010\Buckland_Chapter6_Scripting_Source\StartHere\Debug\link.command.1.tlog
D:\code\AI Source\LATEST vc6-vc10\VS2010\Buckland_Chapter6_Scripting_Source\StartHere\Debug\link.read.1.tlog
D:\code\AI Source\LATEST vc6-vc10\VS2010\Buckland_Chapter6_Scripting_Source\StartHere\Debug\link.write.1.tlog
D:\code\AI Source\LATEST vc6-vc10\VS2010\Buckland_Chapter6_Scripting_Source\StartHere\Debug\link-cvtres.read.1.tlog
D:\code\AI Source\LATEST vc6-vc10\VS2010\Buckland_Chapter6_Scripting_Source\StartHere\Debug\link-cvtres.write.1.tlog
D:\CODE\AI SOURCE\LATEST VC6-VC10\VS2010\BUCKLAND_CHAPTER6_SCRIPTING_SOURCE\STARTHERE\DEBUG\MAIN.OBJ
D:\code\AI Source\LATEST vc6-vc10\VS2010\Buckland_Chapter6_Scripting_Source\StartHere\Debug\mt.command.1.tlog
D:\code\AI Source\LATEST vc6-vc10\VS2010\Buckland_Chapter6_Scripting_Source\StartHere\Debug\mt.read.1.tlog
D:\code\AI Source\LATEST vc6-vc10\VS2010\Buckland_Chapter6_Scripting_Source\StartHere\Debug\mt.write.1.tlog
D:\code\AI Source\LATEST vc6-vc10\VS2010\Buckland_Chapter6_Scripting_Source\StartHere\Debug\rc.command.1.tlog
D:\code\AI Source\LATEST vc6-vc10\VS2010\Buckland_Chapter6_Scripting_Source\StartHere\Debug\rc.read.1.tlog
D:\code\AI Source\LATEST vc6-vc10\VS2010\Buckland_Chapter6_Scripting_Source\StartHere\Debug\rc.write.1.tlog
D:\CODE\AI SOURCE\LATEST VC6-VC10\VS2010\BUCKLAND_CHAPTER6_SCRIPTING_SOURCE\STARTHERE\DEBUG\STARTHERE.EXE
D:\CODE\AI SOURCE\LATEST VC6-VC10\VS2010\BUCKLAND_CHAPTER6_SCRIPTING_SOURCE\STARTHERE\DEBUG\STARTHERE.EXE.EMBED.MANIFEST
D:\CODE\AI SOURCE\LATEST VC6-VC10\VS2010\BUCKLAND_CHAPTER6_SCRIPTING_SOURCE\STARTHERE\DEBUG\STARTHERE.EXE.EMBED.MANIFEST.RES
D:\CODE\AI SOURCE\LATEST VC6-VC10\VS2010\BUCKLAND_CHAPTER6_SCRIPTING_SOURCE\STARTHERE\DEBUG\STARTHERE.EXE.INTERMEDIATE.MANIFEST
D:\CODE\AI SOURCE\LATEST VC6-VC10\VS2010\BUCKLAND_CHAPTER6_SCRIPTING_SOURCE\STARTHERE\DEBUG\STARTHERE.ILK
D:\CODE\AI SOURCE\LATEST VC6-VC10\VS2010\BUCKLAND_CHAPTER6_SCRIPTING_SOURCE\STARTHERE\DEBUG\STARTHERE.PDB
D:\code\AI Source\LATEST vc6-vc10\VS2010\Buckland_Chapter6_Scripting_Source\StartHere\Debug\StartHere.vcxprojResolveAssemblyReference.cache
D:\code\AI Source\LATEST vc6-vc10\VS2010\Buckland_Chapter6_Scripting_Source\StartHere\Debug\StartHere.write.1.tlog
D:\code\AI Source\LATEST vc6-vc10\VS2010\Buckland_Chapter6_Scripting_Source\StartHere\Debug\StartHere_manifest.rc
D:\code\AI Source\LATEST vc6-vc10\VS2010\Buckland_Chapter6_Scripting_Source\StartHere\Debug\vc100.idb
D:\CODE\AI SOURCE\LATEST VC6-VC10\VS2010\BUCKLAND_CHAPTER6_SCRIPTING_SOURCE\STARTHERE\DEBUG\VC100.PDB
