生成启动时间为 2018/4/22 0:20:57。
     1>项目“D:\code\AI Source\LATEST vc6-vc10\VS2010\Buckland_Chapter6_Scripting_Source\StartHere\StartHere.vcxproj”在节点 2 上(rebuild 个目标)。
     1>_PrepareForClean:
         正在删除文件“.\Debug\StartHere.lastbuildstate”。
       InitializeBuildStatus:
         正在创建“.\Debug\StartHere.unsuccessfulbuild”，因为已指定“AlwaysCreate”。
       ClCompile:
         D:\Program Files (x86)\VS2010\VC\bin\CL.exe /c /ZI /nologo /W3 /WX- /Od /Oy- /D WIN32 /D _DEBUG /D _CONSOLE /D _VC80_UPGRADE=0x0600 /D _MBCS /Gm /EHsc /RTC1 /MTd /GS /fp:precise /Zc:wchar_t /Zc:forScope /Fo".\Debug/" /Fd".\Debug/vc100.pdb" /Gd /TP /analyze- /errorReport:prompt main.cpp
         main.cpp
       ManifestResourceCompile:
         C:\Program Files (x86)\Microsoft SDKs\Windows\v7.0A\bin\rc.exe /nologo /fo".\Debug\StartHere.exe.embed.manifest.res" .\Debug\StartHere_manifest.rc 
       Link:
         D:\Program Files (x86)\VS2010\VC\bin\link.exe /ERRORREPORT:PROMPT /OUT:".\Debug/StartHere.exe" /INCREMENTAL /NOLOGO kernel32.lib user32.lib gdi32.lib winspool.lib comdlg32.lib advapi32.lib shell32.lib ole32.lib oleaut32.lib uuid.lib odbc32.lib odbccp32.lib /MANIFEST /ManifestFile:".\Debug\StartHere.exe.intermediate.manifest" /MANIFESTUAC:"level='asInvoker' uiAccess='false'" /DEBUG /PDB:".\Debug/StartHere.pdb" /SUBSYSTEM:CONSOLE /TLBID:1 /DYNAMICBASE /NXCOMPAT /IMPLIB:".\Debug\StartHere.lib" /MACHINE:X86 .\Debug\StartHere.exe.embed.manifest.res
         .\Debug/main.obj
     1>LINK : warning LNK4098: 默认库“LIBCMT”与其他库的使用冲突；请使用 /NODEFAULTLIB:library
       Manifest:
         正在删除文件“.\Debug\StartHere.exe.embed.manifest”。
         C:\Program Files (x86)\Microsoft SDKs\Windows\v7.0A\bin\mt.exe /nologo /verbose /out:".\Debug\StartHere.exe.embed.manifest" /manifest .\Debug\StartHere.exe.intermediate.manifest
         C:\Program Files (x86)\Microsoft SDKs\Windows\v7.0A\bin\rc.exe /nologo /fo".\Debug\StartHere.exe.embed.manifest.res" .\Debug\StartHere_manifest.rc 
       LinkEmbedManifest:
         D:\Program Files (x86)\VS2010\VC\bin\link.exe /ERRORREPORT:PROMPT /OUT:".\Debug/StartHere.exe" /INCREMENTAL /NOLOGO kernel32.lib user32.lib gdi32.lib winspool.lib comdlg32.lib advapi32.lib shell32.lib ole32.lib oleaut32.lib uuid.lib odbc32.lib odbccp32.lib /MANIFEST /ManifestFile:".\Debug\StartHere.exe.intermediate.manifest" /MANIFESTUAC:"level='asInvoker' uiAccess='false'" /DEBUG /PDB:".\Debug/StartHere.pdb" /SUBSYSTEM:CONSOLE /TLBID:1 /DYNAMICBASE /NXCOMPAT /IMPLIB:".\Debug\StartHere.lib" /MACHINE:X86 .\Debug\StartHere.exe.embed.manifest.res
         .\Debug/main.obj
     1>LINK : warning LNK4098: 默认库“LIBCMT”与其他库的使用冲突；请使用 /NODEFAULTLIB:library
         StartHere.vcxproj -> D:\code\AI Source\LATEST vc6-vc10\VS2010\Buckland_Chapter6_Scripting_Source\StartHere\.\Debug\StartHere.exe
       FinalizeBuildStatus:
         正在删除文件“.\Debug\StartHere.unsuccessfulbuild”。
         正在对“.\Debug\StartHere.lastbuildstate”执行 Touch 任务。
     1>已完成生成项目“D:\code\AI Source\LATEST vc6-vc10\VS2010\Buckland_Chapter6_Scripting_Source\StartHere\StartHere.vcxproj”(rebuild 个目标)的操作。

生成成功。

已用时间 00:00:01.43
