.\Debug\Raven.bsc
.\Debug\Raven.ilk
.\Debug\Raven.pdb
D:\code\AI Source\LATEST vc6-vc10\VS2010\Buckland_Chapter7 to 10_Raven\.\Debug\Raven.exe
D:\code\AI Source\LATEST vc6-vc10\VS2010\Buckland_Chapter7 to 10_Raven\.\Debug\Raven.exe.intermediate.manifest
D:\code\AI Source\LATEST vc6-vc10\VS2010\Buckland_Chapter7 to 10_Raven\.\Debug\Raven.exe.manifest
D:\CODE\AI SOURCE\LATEST VC6-VC10\VS2010\BUCKLAND_CHAPTER7 TO 10_RAVEN\DEBUG\ATTACKTARGETGOAL_EVALUATOR.ASM
D:\CODE\AI SOURCE\LATEST VC6-VC10\VS2010\BUCKLAND_CHAPTER7 TO 10_RAVEN\DEBUG\ATTACKTARGETGOAL_EVALUATOR.OBJ
D:\CODE\AI SOURCE\LATEST VC6-VC10\VS2010\BUCKLAND_CHAPTER7 TO 10_RAVEN\DEBUG\ATTACKTARGETGOAL_EVALUATOR.SBR
D:\CODE\AI SOURCE\LATEST VC6-VC10\VS2010\BUCKLAND_CHAPTER7 TO 10_RAVEN\DEBUG\BASEGAMEENTITY.ASM
D:\CODE\AI SOURCE\LATEST VC6-VC10\VS2010\BUCKLAND_CHAPTER7 TO 10_RAVEN\DEBUG\BASEGAMEENTITY.OBJ
D:\CODE\AI SOURCE\LATEST VC6-VC10\VS2010\BUCKLAND_CHAPTER7 TO 10_RAVEN\DEBUG\BASEGAMEENTITY.SBR
D:\code\AI Source\LATEST vc6-vc10\VS2010\Buckland_Chapter7 to 10_Raven\Debug\BscMake.command.1.tlog
D:\code\AI Source\LATEST vc6-vc10\VS2010\Buckland_Chapter7 to 10_Raven\Debug\bscmake.read.1.tlog
D:\code\AI Source\LATEST vc6-vc10\VS2010\Buckland_Chapter7 to 10_Raven\Debug\bscmake.write.1.tlog
D:\CODE\AI SOURCE\LATEST VC6-VC10\VS2010\BUCKLAND_CHAPTER7 TO 10_RAVEN\DEBUG\CGDI.ASM
D:\CODE\AI SOURCE\LATEST VC6-VC10\VS2010\BUCKLAND_CHAPTER7 TO 10_RAVEN\DEBUG\CGDI.OBJ
D:\CODE\AI SOURCE\LATEST VC6-VC10\VS2010\BUCKLAND_CHAPTER7 TO 10_RAVEN\DEBUG\CGDI.SBR
D:\code\AI Source\LATEST vc6-vc10\VS2010\Buckland_Chapter7 to 10_Raven\Debug\cl.command.1.tlog
D:\code\AI Source\LATEST vc6-vc10\VS2010\Buckland_Chapter7 to 10_Raven\Debug\CL.read.1.tlog
D:\code\AI Source\LATEST vc6-vc10\VS2010\Buckland_Chapter7 to 10_Raven\Debug\CL.write.1.tlog
D:\CODE\AI SOURCE\LATEST VC6-VC10\VS2010\BUCKLAND_CHAPTER7 TO 10_RAVEN\DEBUG\CRUDETIMER.ASM
D:\CODE\AI SOURCE\LATEST VC6-VC10\VS2010\BUCKLAND_CHAPTER7 TO 10_RAVEN\DEBUG\CRUDETIMER.OBJ
D:\CODE\AI SOURCE\LATEST VC6-VC10\VS2010\BUCKLAND_CHAPTER7 TO 10_RAVEN\DEBUG\CRUDETIMER.SBR
D:\CODE\AI SOURCE\LATEST VC6-VC10\VS2010\BUCKLAND_CHAPTER7 TO 10_RAVEN\DEBUG\DEBUGCONSOLE.ASM
D:\CODE\AI SOURCE\LATEST VC6-VC10\VS2010\BUCKLAND_CHAPTER7 TO 10_RAVEN\DEBUG\DEBUGCONSOLE.OBJ
D:\CODE\AI SOURCE\LATEST VC6-VC10\VS2010\BUCKLAND_CHAPTER7 TO 10_RAVEN\DEBUG\DEBUGCONSOLE.SBR
D:\CODE\AI SOURCE\LATEST VC6-VC10\VS2010\BUCKLAND_CHAPTER7 TO 10_RAVEN\DEBUG\ENTITYMANAGER.ASM
D:\CODE\AI SOURCE\LATEST VC6-VC10\VS2010\BUCKLAND_CHAPTER7 TO 10_RAVEN\DEBUG\ENTITYMANAGER.OBJ
D:\CODE\AI SOURCE\LATEST VC6-VC10\VS2010\BUCKLAND_CHAPTER7 TO 10_RAVEN\DEBUG\ENTITYMANAGER.SBR
D:\CODE\AI SOURCE\LATEST VC6-VC10\VS2010\BUCKLAND_CHAPTER7 TO 10_RAVEN\DEBUG\EXPLOREGOAL_EVALUATOR.ASM
D:\CODE\AI SOURCE\LATEST VC6-VC10\VS2010\BUCKLAND_CHAPTER7 TO 10_RAVEN\DEBUG\EXPLOREGOAL_EVALUATOR.OBJ
D:\CODE\AI SOURCE\LATEST VC6-VC10\VS2010\BUCKLAND_CHAPTER7 TO 10_RAVEN\DEBUG\EXPLOREGOAL_EVALUATOR.SBR
D:\CODE\AI SOURCE\LATEST VC6-VC10\VS2010\BUCKLAND_CHAPTER7 TO 10_RAVEN\DEBUG\FRAMECOUNTER.ASM
D:\CODE\AI SOURCE\LATEST VC6-VC10\VS2010\BUCKLAND_CHAPTER7 TO 10_RAVEN\DEBUG\FRAMECOUNTER.OBJ
D:\CODE\AI SOURCE\LATEST VC6-VC10\VS2010\BUCKLAND_CHAPTER7 TO 10_RAVEN\DEBUG\FRAMECOUNTER.SBR
D:\CODE\AI SOURCE\LATEST VC6-VC10\VS2010\BUCKLAND_CHAPTER7 TO 10_RAVEN\DEBUG\FUZZYMODULE.ASM
D:\CODE\AI SOURCE\LATEST VC6-VC10\VS2010\BUCKLAND_CHAPTER7 TO 10_RAVEN\DEBUG\FUZZYMODULE.OBJ
D:\CODE\AI SOURCE\LATEST VC6-VC10\VS2010\BUCKLAND_CHAPTER7 TO 10_RAVEN\DEBUG\FUZZYMODULE.SBR
D:\CODE\AI SOURCE\LATEST VC6-VC10\VS2010\BUCKLAND_CHAPTER7 TO 10_RAVEN\DEBUG\FUZZYOPERATORS.ASM
D:\CODE\AI SOURCE\LATEST VC6-VC10\VS2010\BUCKLAND_CHAPTER7 TO 10_RAVEN\DEBUG\FUZZYOPERATORS.OBJ
D:\CODE\AI SOURCE\LATEST VC6-VC10\VS2010\BUCKLAND_CHAPTER7 TO 10_RAVEN\DEBUG\FUZZYOPERATORS.SBR
D:\CODE\AI SOURCE\LATEST VC6-VC10\VS2010\BUCKLAND_CHAPTER7 TO 10_RAVEN\DEBUG\FUZZYSET_LEFTSHOULDER.ASM
D:\CODE\AI SOURCE\LATEST VC6-VC10\VS2010\BUCKLAND_CHAPTER7 TO 10_RAVEN\DEBUG\FUZZYSET_LEFTSHOULDER.OBJ
D:\CODE\AI SOURCE\LATEST VC6-VC10\VS2010\BUCKLAND_CHAPTER7 TO 10_RAVEN\DEBUG\FUZZYSET_LEFTSHOULDER.SBR
D:\CODE\AI SOURCE\LATEST VC6-VC10\VS2010\BUCKLAND_CHAPTER7 TO 10_RAVEN\DEBUG\FUZZYSET_RIGHTSHOULDER.ASM
D:\CODE\AI SOURCE\LATEST VC6-VC10\VS2010\BUCKLAND_CHAPTER7 TO 10_RAVEN\DEBUG\FUZZYSET_RIGHTSHOULDER.OBJ
D:\CODE\AI SOURCE\LATEST VC6-VC10\VS2010\BUCKLAND_CHAPTER7 TO 10_RAVEN\DEBUG\FUZZYSET_RIGHTSHOULDER.SBR
D:\CODE\AI SOURCE\LATEST VC6-VC10\VS2010\BUCKLAND_CHAPTER7 TO 10_RAVEN\DEBUG\FUZZYSET_SINGLETON.ASM
D:\CODE\AI SOURCE\LATEST VC6-VC10\VS2010\BUCKLAND_CHAPTER7 TO 10_RAVEN\DEBUG\FUZZYSET_SINGLETON.OBJ
D:\CODE\AI SOURCE\LATEST VC6-VC10\VS2010\BUCKLAND_CHAPTER7 TO 10_RAVEN\DEBUG\FUZZYSET_SINGLETON.SBR
D:\CODE\AI SOURCE\LATEST VC6-VC10\VS2010\BUCKLAND_CHAPTER7 TO 10_RAVEN\DEBUG\FUZZYSET_TRIANGLE.ASM
D:\CODE\AI SOURCE\LATEST VC6-VC10\VS2010\BUCKLAND_CHAPTER7 TO 10_RAVEN\DEBUG\FUZZYSET_TRIANGLE.OBJ
D:\CODE\AI SOURCE\LATEST VC6-VC10\VS2010\BUCKLAND_CHAPTER7 TO 10_RAVEN\DEBUG\FUZZYSET_TRIANGLE.SBR
D:\CODE\AI SOURCE\LATEST VC6-VC10\VS2010\BUCKLAND_CHAPTER7 TO 10_RAVEN\DEBUG\FUZZYVARIABLE.ASM
D:\CODE\AI SOURCE\LATEST VC6-VC10\VS2010\BUCKLAND_CHAPTER7 TO 10_RAVEN\DEBUG\FUZZYVARIABLE.OBJ
D:\CODE\AI SOURCE\LATEST VC6-VC10\VS2010\BUCKLAND_CHAPTER7 TO 10_RAVEN\DEBUG\FUZZYVARIABLE.SBR
D:\CODE\AI SOURCE\LATEST VC6-VC10\VS2010\BUCKLAND_CHAPTER7 TO 10_RAVEN\DEBUG\GETHEALTHGOAL_EVALUATOR.ASM
D:\CODE\AI SOURCE\LATEST VC6-VC10\VS2010\BUCKLAND_CHAPTER7 TO 10_RAVEN\DEBUG\GETHEALTHGOAL_EVALUATOR.OBJ
D:\CODE\AI SOURCE\LATEST VC6-VC10\VS2010\BUCKLAND_CHAPTER7 TO 10_RAVEN\DEBUG\GETHEALTHGOAL_EVALUATOR.SBR
D:\CODE\AI SOURCE\LATEST VC6-VC10\VS2010\BUCKLAND_CHAPTER7 TO 10_RAVEN\DEBUG\GETWEAPONGOAL_EVALUATOR.ASM
D:\CODE\AI SOURCE\LATEST VC6-VC10\VS2010\BUCKLAND_CHAPTER7 TO 10_RAVEN\DEBUG\GETWEAPONGOAL_EVALUATOR.OBJ
D:\CODE\AI SOURCE\LATEST VC6-VC10\VS2010\BUCKLAND_CHAPTER7 TO 10_RAVEN\DEBUG\GETWEAPONGOAL_EVALUATOR.SBR
D:\CODE\AI SOURCE\LATEST VC6-VC10\VS2010\BUCKLAND_CHAPTER7 TO 10_RAVEN\DEBUG\GOAL_ADJUSTRANGE.ASM
D:\CODE\AI SOURCE\LATEST VC6-VC10\VS2010\BUCKLAND_CHAPTER7 TO 10_RAVEN\DEBUG\GOAL_ADJUSTRANGE.OBJ
D:\CODE\AI SOURCE\LATEST VC6-VC10\VS2010\BUCKLAND_CHAPTER7 TO 10_RAVEN\DEBUG\GOAL_ADJUSTRANGE.SBR
D:\CODE\AI SOURCE\LATEST VC6-VC10\VS2010\BUCKLAND_CHAPTER7 TO 10_RAVEN\DEBUG\GOAL_ATTACKTARGET.ASM
D:\CODE\AI SOURCE\LATEST VC6-VC10\VS2010\BUCKLAND_CHAPTER7 TO 10_RAVEN\DEBUG\GOAL_ATTACKTARGET.OBJ
D:\CODE\AI SOURCE\LATEST VC6-VC10\VS2010\BUCKLAND_CHAPTER7 TO 10_RAVEN\DEBUG\GOAL_ATTACKTARGET.SBR
D:\CODE\AI SOURCE\LATEST VC6-VC10\VS2010\BUCKLAND_CHAPTER7 TO 10_RAVEN\DEBUG\GOAL_DODGESIDETOSIDE.ASM
D:\CODE\AI SOURCE\LATEST VC6-VC10\VS2010\BUCKLAND_CHAPTER7 TO 10_RAVEN\DEBUG\GOAL_DODGESIDETOSIDE.OBJ
D:\CODE\AI SOURCE\LATEST VC6-VC10\VS2010\BUCKLAND_CHAPTER7 TO 10_RAVEN\DEBUG\GOAL_DODGESIDETOSIDE.SBR
D:\CODE\AI SOURCE\LATEST VC6-VC10\VS2010\BUCKLAND_CHAPTER7 TO 10_RAVEN\DEBUG\GOAL_EXPLORE.ASM
D:\CODE\AI SOURCE\LATEST VC6-VC10\VS2010\BUCKLAND_CHAPTER7 TO 10_RAVEN\DEBUG\GOAL_EXPLORE.OBJ
D:\CODE\AI SOURCE\LATEST VC6-VC10\VS2010\BUCKLAND_CHAPTER7 TO 10_RAVEN\DEBUG\GOAL_EXPLORE.SBR
D:\CODE\AI SOURCE\LATEST VC6-VC10\VS2010\BUCKLAND_CHAPTER7 TO 10_RAVEN\DEBUG\GOAL_FOLLOWPATH.ASM
D:\CODE\AI SOURCE\LATEST VC6-VC10\VS2010\BUCKLAND_CHAPTER7 TO 10_RAVEN\DEBUG\GOAL_FOLLOWPATH.OBJ
D:\CODE\AI SOURCE\LATEST VC6-VC10\VS2010\BUCKLAND_CHAPTER7 TO 10_RAVEN\DEBUG\GOAL_FOLLOWPATH.SBR
D:\CODE\AI SOURCE\LATEST VC6-VC10\VS2010\BUCKLAND_CHAPTER7 TO 10_RAVEN\DEBUG\GOAL_GETITEM.ASM
D:\CODE\AI SOURCE\LATEST VC6-VC10\VS2010\BUCKLAND_CHAPTER7 TO 10_RAVEN\DEBUG\GOAL_GETITEM.OBJ
D:\CODE\AI SOURCE\LATEST VC6-VC10\VS2010\BUCKLAND_CHAPTER7 TO 10_RAVEN\DEBUG\GOAL_GETITEM.SBR
D:\CODE\AI SOURCE\LATEST VC6-VC10\VS2010\BUCKLAND_CHAPTER7 TO 10_RAVEN\DEBUG\GOAL_HUNTTARGET.ASM
D:\CODE\AI SOURCE\LATEST VC6-VC10\VS2010\BUCKLAND_CHAPTER7 TO 10_RAVEN\DEBUG\GOAL_HUNTTARGET.OBJ
D:\CODE\AI SOURCE\LATEST VC6-VC10\VS2010\BUCKLAND_CHAPTER7 TO 10_RAVEN\DEBUG\GOAL_HUNTTARGET.SBR
D:\CODE\AI SOURCE\LATEST VC6-VC10\VS2010\BUCKLAND_CHAPTER7 TO 10_RAVEN\DEBUG\GOAL_MOVETOPOSITION.ASM
D:\CODE\AI SOURCE\LATEST VC6-VC10\VS2010\BUCKLAND_CHAPTER7 TO 10_RAVEN\DEBUG\GOAL_MOVETOPOSITION.OBJ
D:\CODE\AI SOURCE\LATEST VC6-VC10\VS2010\BUCKLAND_CHAPTER7 TO 10_RAVEN\DEBUG\GOAL_MOVETOPOSITION.SBR
D:\CODE\AI SOURCE\LATEST VC6-VC10\VS2010\BUCKLAND_CHAPTER7 TO 10_RAVEN\DEBUG\GOAL_NEGOTIATEDOOR.ASM
D:\CODE\AI SOURCE\LATEST VC6-VC10\VS2010\BUCKLAND_CHAPTER7 TO 10_RAVEN\DEBUG\GOAL_NEGOTIATEDOOR.OBJ
D:\CODE\AI SOURCE\LATEST VC6-VC10\VS2010\BUCKLAND_CHAPTER7 TO 10_RAVEN\DEBUG\GOAL_NEGOTIATEDOOR.SBR
D:\CODE\AI SOURCE\LATEST VC6-VC10\VS2010\BUCKLAND_CHAPTER7 TO 10_RAVEN\DEBUG\GOAL_SAYPHRASE.ASM
D:\CODE\AI SOURCE\LATEST VC6-VC10\VS2010\BUCKLAND_CHAPTER7 TO 10_RAVEN\DEBUG\GOAL_SAYPHRASE.OBJ
D:\CODE\AI SOURCE\LATEST VC6-VC10\VS2010\BUCKLAND_CHAPTER7 TO 10_RAVEN\DEBUG\GOAL_SAYPHRASE.SBR
D:\CODE\AI SOURCE\LATEST VC6-VC10\VS2010\BUCKLAND_CHAPTER7 TO 10_RAVEN\DEBUG\GOAL_SEEKTOPOSITION.ASM
D:\CODE\AI SOURCE\LATEST VC6-VC10\VS2010\BUCKLAND_CHAPTER7 TO 10_RAVEN\DEBUG\GOAL_SEEKTOPOSITION.OBJ
D:\CODE\AI SOURCE\LATEST VC6-VC10\VS2010\BUCKLAND_CHAPTER7 TO 10_RAVEN\DEBUG\GOAL_SEEKTOPOSITION.SBR
D:\CODE\AI SOURCE\LATEST VC6-VC10\VS2010\BUCKLAND_CHAPTER7 TO 10_RAVEN\DEBUG\GOAL_THINK.ASM
D:\CODE\AI SOURCE\LATEST VC6-VC10\VS2010\BUCKLAND_CHAPTER7 TO 10_RAVEN\DEBUG\GOAL_THINK.OBJ
D:\CODE\AI SOURCE\LATEST VC6-VC10\VS2010\BUCKLAND_CHAPTER7 TO 10_RAVEN\DEBUG\GOAL_THINK.SBR
D:\CODE\AI SOURCE\LATEST VC6-VC10\VS2010\BUCKLAND_CHAPTER7 TO 10_RAVEN\DEBUG\GOAL_TRAVERSEEDGE.ASM
D:\CODE\AI SOURCE\LATEST VC6-VC10\VS2010\BUCKLAND_CHAPTER7 TO 10_RAVEN\DEBUG\GOAL_TRAVERSEEDGE.OBJ
D:\CODE\AI SOURCE\LATEST VC6-VC10\VS2010\BUCKLAND_CHAPTER7 TO 10_RAVEN\DEBUG\GOAL_TRAVERSEEDGE.SBR
D:\CODE\AI SOURCE\LATEST VC6-VC10\VS2010\BUCKLAND_CHAPTER7 TO 10_RAVEN\DEBUG\GOAL_WANDER.ASM
D:\CODE\AI SOURCE\LATEST VC6-VC10\VS2010\BUCKLAND_CHAPTER7 TO 10_RAVEN\DEBUG\GOAL_WANDER.OBJ
D:\CODE\AI SOURCE\LATEST VC6-VC10\VS2010\BUCKLAND_CHAPTER7 TO 10_RAVEN\DEBUG\GOAL_WANDER.SBR
D:\CODE\AI SOURCE\LATEST VC6-VC10\VS2010\BUCKLAND_CHAPTER7 TO 10_RAVEN\DEBUG\GRAVEMARKERS.ASM
D:\CODE\AI SOURCE\LATEST VC6-VC10\VS2010\BUCKLAND_CHAPTER7 TO 10_RAVEN\DEBUG\GRAVEMARKERS.OBJ
D:\CODE\AI SOURCE\LATEST VC6-VC10\VS2010\BUCKLAND_CHAPTER7 TO 10_RAVEN\DEBUG\GRAVEMARKERS.SBR
D:\code\AI Source\LATEST vc6-vc10\VS2010\Buckland_Chapter7 to 10_Raven\Debug\link.command.1.tlog
D:\code\AI Source\LATEST vc6-vc10\VS2010\Buckland_Chapter7 to 10_Raven\Debug\link.read.1.tlog
D:\code\AI Source\LATEST vc6-vc10\VS2010\Buckland_Chapter7 to 10_Raven\Debug\link.write.1.tlog
D:\code\AI Source\LATEST vc6-vc10\VS2010\Buckland_Chapter7 to 10_Raven\Debug\link-cvtres.read.1.tlog
D:\code\AI Source\LATEST vc6-vc10\VS2010\Buckland_Chapter7 to 10_Raven\Debug\link-cvtres.write.1.tlog
D:\CODE\AI SOURCE\LATEST VC6-VC10\VS2010\BUCKLAND_CHAPTER7 TO 10_RAVEN\DEBUG\MAIN.ASM
D:\CODE\AI SOURCE\LATEST VC6-VC10\VS2010\BUCKLAND_CHAPTER7 TO 10_RAVEN\DEBUG\MAIN.OBJ
D:\CODE\AI SOURCE\LATEST VC6-VC10\VS2010\BUCKLAND_CHAPTER7 TO 10_RAVEN\DEBUG\MAIN.SBR
D:\CODE\AI SOURCE\LATEST VC6-VC10\VS2010\BUCKLAND_CHAPTER7 TO 10_RAVEN\DEBUG\MESSAGEDISPATCHER.ASM
D:\CODE\AI SOURCE\LATEST VC6-VC10\VS2010\BUCKLAND_CHAPTER7 TO 10_RAVEN\DEBUG\MESSAGEDISPATCHER.OBJ
D:\CODE\AI SOURCE\LATEST VC6-VC10\VS2010\BUCKLAND_CHAPTER7 TO 10_RAVEN\DEBUG\MESSAGEDISPATCHER.SBR
D:\code\AI Source\LATEST vc6-vc10\VS2010\Buckland_Chapter7 to 10_Raven\Debug\mt.command.1.tlog
D:\code\AI Source\LATEST vc6-vc10\VS2010\Buckland_Chapter7 to 10_Raven\Debug\mt.read.1.tlog
D:\code\AI Source\LATEST vc6-vc10\VS2010\Buckland_Chapter7 to 10_Raven\Debug\mt.write.1.tlog
D:\CODE\AI SOURCE\LATEST VC6-VC10\VS2010\BUCKLAND_CHAPTER7 TO 10_RAVEN\DEBUG\PRECISIONTIMER.ASM
D:\CODE\AI SOURCE\LATEST VC6-VC10\VS2010\BUCKLAND_CHAPTER7 TO 10_RAVEN\DEBUG\PRECISIONTIMER.OBJ
D:\CODE\AI SOURCE\LATEST VC6-VC10\VS2010\BUCKLAND_CHAPTER7 TO 10_RAVEN\DEBUG\PRECISIONTIMER.SBR
D:\CODE\AI SOURCE\LATEST VC6-VC10\VS2010\BUCKLAND_CHAPTER7 TO 10_RAVEN\DEBUG\PROJECTILE_BOLT.ASM
D:\CODE\AI SOURCE\LATEST VC6-VC10\VS2010\BUCKLAND_CHAPTER7 TO 10_RAVEN\DEBUG\PROJECTILE_BOLT.OBJ
D:\CODE\AI SOURCE\LATEST VC6-VC10\VS2010\BUCKLAND_CHAPTER7 TO 10_RAVEN\DEBUG\PROJECTILE_BOLT.SBR
D:\CODE\AI SOURCE\LATEST VC6-VC10\VS2010\BUCKLAND_CHAPTER7 TO 10_RAVEN\DEBUG\PROJECTILE_PELLET.ASM
D:\CODE\AI SOURCE\LATEST VC6-VC10\VS2010\BUCKLAND_CHAPTER7 TO 10_RAVEN\DEBUG\PROJECTILE_PELLET.OBJ
D:\CODE\AI SOURCE\LATEST VC6-VC10\VS2010\BUCKLAND_CHAPTER7 TO 10_RAVEN\DEBUG\PROJECTILE_PELLET.SBR
D:\CODE\AI SOURCE\LATEST VC6-VC10\VS2010\BUCKLAND_CHAPTER7 TO 10_RAVEN\DEBUG\PROJECTILE_ROCKET.ASM
D:\CODE\AI SOURCE\LATEST VC6-VC10\VS2010\BUCKLAND_CHAPTER7 TO 10_RAVEN\DEBUG\PROJECTILE_ROCKET.OBJ
D:\CODE\AI SOURCE\LATEST VC6-VC10\VS2010\BUCKLAND_CHAPTER7 TO 10_RAVEN\DEBUG\PROJECTILE_ROCKET.SBR
D:\CODE\AI SOURCE\LATEST VC6-VC10\VS2010\BUCKLAND_CHAPTER7 TO 10_RAVEN\DEBUG\PROJECTILE_SLUG.ASM
D:\CODE\AI SOURCE\LATEST VC6-VC10\VS2010\BUCKLAND_CHAPTER7 TO 10_RAVEN\DEBUG\PROJECTILE_SLUG.OBJ
D:\CODE\AI SOURCE\LATEST VC6-VC10\VS2010\BUCKLAND_CHAPTER7 TO 10_RAVEN\DEBUG\PROJECTILE_SLUG.SBR
D:\CODE\AI SOURCE\LATEST VC6-VC10\VS2010\BUCKLAND_CHAPTER7 TO 10_RAVEN\DEBUG\RAVEN.BSC
D:\CODE\AI SOURCE\LATEST VC6-VC10\VS2010\BUCKLAND_CHAPTER7 TO 10_RAVEN\DEBUG\RAVEN.EXE
D:\CODE\AI SOURCE\LATEST VC6-VC10\VS2010\BUCKLAND_CHAPTER7 TO 10_RAVEN\DEBUG\RAVEN.EXE.INTERMEDIATE.MANIFEST
D:\CODE\AI SOURCE\LATEST VC6-VC10\VS2010\BUCKLAND_CHAPTER7 TO 10_RAVEN\DEBUG\RAVEN.EXE.MANIFEST
D:\CODE\AI SOURCE\LATEST VC6-VC10\VS2010\BUCKLAND_CHAPTER7 TO 10_RAVEN\DEBUG\RAVEN.ILK
D:\CODE\AI SOURCE\LATEST VC6-VC10\VS2010\BUCKLAND_CHAPTER7 TO 10_RAVEN\DEBUG\RAVEN.PDB
D:\code\AI Source\LATEST vc6-vc10\VS2010\Buckland_Chapter7 to 10_Raven\Debug\Raven.vcxprojResolveAssemblyReference.cache
D:\code\AI Source\LATEST vc6-vc10\VS2010\Buckland_Chapter7 to 10_Raven\Debug\Raven.write.1.tlog
D:\CODE\AI SOURCE\LATEST VC6-VC10\VS2010\BUCKLAND_CHAPTER7 TO 10_RAVEN\DEBUG\RAVEN_BOT.ASM
D:\CODE\AI SOURCE\LATEST VC6-VC10\VS2010\BUCKLAND_CHAPTER7 TO 10_RAVEN\DEBUG\RAVEN_BOT.OBJ
D:\CODE\AI SOURCE\LATEST VC6-VC10\VS2010\BUCKLAND_CHAPTER7 TO 10_RAVEN\DEBUG\RAVEN_BOT.SBR
D:\CODE\AI SOURCE\LATEST VC6-VC10\VS2010\BUCKLAND_CHAPTER7 TO 10_RAVEN\DEBUG\RAVEN_DOOR.ASM
D:\CODE\AI SOURCE\LATEST VC6-VC10\VS2010\BUCKLAND_CHAPTER7 TO 10_RAVEN\DEBUG\RAVEN_DOOR.OBJ
D:\CODE\AI SOURCE\LATEST VC6-VC10\VS2010\BUCKLAND_CHAPTER7 TO 10_RAVEN\DEBUG\RAVEN_DOOR.SBR
D:\CODE\AI SOURCE\LATEST VC6-VC10\VS2010\BUCKLAND_CHAPTER7 TO 10_RAVEN\DEBUG\RAVEN_FEATURE.ASM
D:\CODE\AI SOURCE\LATEST VC6-VC10\VS2010\BUCKLAND_CHAPTER7 TO 10_RAVEN\DEBUG\RAVEN_FEATURE.OBJ
D:\CODE\AI SOURCE\LATEST VC6-VC10\VS2010\BUCKLAND_CHAPTER7 TO 10_RAVEN\DEBUG\RAVEN_FEATURE.SBR
D:\CODE\AI SOURCE\LATEST VC6-VC10\VS2010\BUCKLAND_CHAPTER7 TO 10_RAVEN\DEBUG\RAVEN_GAME.ASM
D:\CODE\AI SOURCE\LATEST VC6-VC10\VS2010\BUCKLAND_CHAPTER7 TO 10_RAVEN\DEBUG\RAVEN_GAME.OBJ
D:\CODE\AI SOURCE\LATEST VC6-VC10\VS2010\BUCKLAND_CHAPTER7 TO 10_RAVEN\DEBUG\RAVEN_GAME.SBR
D:\CODE\AI SOURCE\LATEST VC6-VC10\VS2010\BUCKLAND_CHAPTER7 TO 10_RAVEN\DEBUG\RAVEN_GOAL_TYPES.ASM
D:\CODE\AI SOURCE\LATEST VC6-VC10\VS2010\BUCKLAND_CHAPTER7 TO 10_RAVEN\DEBUG\RAVEN_GOAL_TYPES.OBJ
D:\CODE\AI SOURCE\LATEST VC6-VC10\VS2010\BUCKLAND_CHAPTER7 TO 10_RAVEN\DEBUG\RAVEN_GOAL_TYPES.SBR
D:\CODE\AI SOURCE\LATEST VC6-VC10\VS2010\BUCKLAND_CHAPTER7 TO 10_RAVEN\DEBUG\RAVEN_MAP.ASM
D:\CODE\AI SOURCE\LATEST VC6-VC10\VS2010\BUCKLAND_CHAPTER7 TO 10_RAVEN\DEBUG\RAVEN_MAP.OBJ
D:\CODE\AI SOURCE\LATEST VC6-VC10\VS2010\BUCKLAND_CHAPTER7 TO 10_RAVEN\DEBUG\RAVEN_MAP.SBR
D:\CODE\AI SOURCE\LATEST VC6-VC10\VS2010\BUCKLAND_CHAPTER7 TO 10_RAVEN\DEBUG\RAVEN_PATHPLANNER.ASM
D:\CODE\AI SOURCE\LATEST VC6-VC10\VS2010\BUCKLAND_CHAPTER7 TO 10_RAVEN\DEBUG\RAVEN_PATHPLANNER.OBJ
D:\CODE\AI SOURCE\LATEST VC6-VC10\VS2010\BUCKLAND_CHAPTER7 TO 10_RAVEN\DEBUG\RAVEN_PATHPLANNER.SBR
D:\CODE\AI SOURCE\LATEST VC6-VC10\VS2010\BUCKLAND_CHAPTER7 TO 10_RAVEN\DEBUG\RAVEN_PROJECTILE.ASM
D:\CODE\AI SOURCE\LATEST VC6-VC10\VS2010\BUCKLAND_CHAPTER7 TO 10_RAVEN\DEBUG\RAVEN_PROJECTILE.OBJ
D:\CODE\AI SOURCE\LATEST VC6-VC10\VS2010\BUCKLAND_CHAPTER7 TO 10_RAVEN\DEBUG\RAVEN_PROJECTILE.SBR
D:\CODE\AI SOURCE\LATEST VC6-VC10\VS2010\BUCKLAND_CHAPTER7 TO 10_RAVEN\DEBUG\RAVEN_SCRIPTOR.ASM
D:\CODE\AI SOURCE\LATEST VC6-VC10\VS2010\BUCKLAND_CHAPTER7 TO 10_RAVEN\DEBUG\RAVEN_SCRIPTOR.OBJ
D:\CODE\AI SOURCE\LATEST VC6-VC10\VS2010\BUCKLAND_CHAPTER7 TO 10_RAVEN\DEBUG\RAVEN_SCRIPTOR.SBR
D:\CODE\AI SOURCE\LATEST VC6-VC10\VS2010\BUCKLAND_CHAPTER7 TO 10_RAVEN\DEBUG\RAVEN_SENSORYMEMORY.ASM
D:\CODE\AI SOURCE\LATEST VC6-VC10\VS2010\BUCKLAND_CHAPTER7 TO 10_RAVEN\DEBUG\RAVEN_SENSORYMEMORY.OBJ
D:\CODE\AI SOURCE\LATEST VC6-VC10\VS2010\BUCKLAND_CHAPTER7 TO 10_RAVEN\DEBUG\RAVEN_SENSORYMEMORY.SBR
D:\CODE\AI SOURCE\LATEST VC6-VC10\VS2010\BUCKLAND_CHAPTER7 TO 10_RAVEN\DEBUG\RAVEN_STEERINGBEHAVIORS.ASM
D:\CODE\AI SOURCE\LATEST VC6-VC10\VS2010\BUCKLAND_CHAPTER7 TO 10_RAVEN\DEBUG\RAVEN_STEERINGBEHAVIORS.OBJ
D:\CODE\AI SOURCE\LATEST VC6-VC10\VS2010\BUCKLAND_CHAPTER7 TO 10_RAVEN\DEBUG\RAVEN_STEERINGBEHAVIORS.SBR
D:\CODE\AI SOURCE\LATEST VC6-VC10\VS2010\BUCKLAND_CHAPTER7 TO 10_RAVEN\DEBUG\RAVEN_TARGETINGSYSTEM.ASM
D:\CODE\AI SOURCE\LATEST VC6-VC10\VS2010\BUCKLAND_CHAPTER7 TO 10_RAVEN\DEBUG\RAVEN_TARGETINGSYSTEM.OBJ
D:\CODE\AI SOURCE\LATEST VC6-VC10\VS2010\BUCKLAND_CHAPTER7 TO 10_RAVEN\DEBUG\RAVEN_TARGETINGSYSTEM.SBR
D:\CODE\AI SOURCE\LATEST VC6-VC10\VS2010\BUCKLAND_CHAPTER7 TO 10_RAVEN\DEBUG\RAVEN_USEROPTIONS.ASM
D:\CODE\AI SOURCE\LATEST VC6-VC10\VS2010\BUCKLAND_CHAPTER7 TO 10_RAVEN\DEBUG\RAVEN_USEROPTIONS.OBJ
D:\CODE\AI SOURCE\LATEST VC6-VC10\VS2010\BUCKLAND_CHAPTER7 TO 10_RAVEN\DEBUG\RAVEN_USEROPTIONS.SBR
D:\CODE\AI SOURCE\LATEST VC6-VC10\VS2010\BUCKLAND_CHAPTER7 TO 10_RAVEN\DEBUG\RAVEN_WEAPON.ASM
D:\CODE\AI SOURCE\LATEST VC6-VC10\VS2010\BUCKLAND_CHAPTER7 TO 10_RAVEN\DEBUG\RAVEN_WEAPON.OBJ
D:\CODE\AI SOURCE\LATEST VC6-VC10\VS2010\BUCKLAND_CHAPTER7 TO 10_RAVEN\DEBUG\RAVEN_WEAPON.SBR
D:\CODE\AI SOURCE\LATEST VC6-VC10\VS2010\BUCKLAND_CHAPTER7 TO 10_RAVEN\DEBUG\RAVEN_WEAPONSYSTEM.ASM
D:\CODE\AI SOURCE\LATEST VC6-VC10\VS2010\BUCKLAND_CHAPTER7 TO 10_RAVEN\DEBUG\RAVEN_WEAPONSYSTEM.OBJ
D:\CODE\AI SOURCE\LATEST VC6-VC10\VS2010\BUCKLAND_CHAPTER7 TO 10_RAVEN\DEBUG\RAVEN_WEAPONSYSTEM.SBR
D:\code\AI Source\LATEST vc6-vc10\VS2010\Buckland_Chapter7 to 10_Raven\Debug\rc.command.1.tlog
D:\code\AI Source\LATEST vc6-vc10\VS2010\Buckland_Chapter7 to 10_Raven\Debug\rc.read.1.tlog
D:\code\AI Source\LATEST vc6-vc10\VS2010\Buckland_Chapter7 to 10_Raven\Debug\rc.write.1.tlog
D:\CODE\AI SOURCE\LATEST VC6-VC10\VS2010\BUCKLAND_CHAPTER7 TO 10_RAVEN\DEBUG\SCRIPT1.RES
D:\CODE\AI SOURCE\LATEST VC6-VC10\VS2010\BUCKLAND_CHAPTER7 TO 10_RAVEN\DEBUG\TRIGGER_HEALTHGIVER.ASM
D:\CODE\AI SOURCE\LATEST VC6-VC10\VS2010\BUCKLAND_CHAPTER7 TO 10_RAVEN\DEBUG\TRIGGER_HEALTHGIVER.OBJ
D:\CODE\AI SOURCE\LATEST VC6-VC10\VS2010\BUCKLAND_CHAPTER7 TO 10_RAVEN\DEBUG\TRIGGER_HEALTHGIVER.SBR
D:\CODE\AI SOURCE\LATEST VC6-VC10\VS2010\BUCKLAND_CHAPTER7 TO 10_RAVEN\DEBUG\TRIGGER_SOUNDNOTIFY.ASM
D:\CODE\AI SOURCE\LATEST VC6-VC10\VS2010\BUCKLAND_CHAPTER7 TO 10_RAVEN\DEBUG\TRIGGER_SOUNDNOTIFY.OBJ
D:\CODE\AI SOURCE\LATEST VC6-VC10\VS2010\BUCKLAND_CHAPTER7 TO 10_RAVEN\DEBUG\TRIGGER_SOUNDNOTIFY.SBR
D:\CODE\AI SOURCE\LATEST VC6-VC10\VS2010\BUCKLAND_CHAPTER7 TO 10_RAVEN\DEBUG\TRIGGER_WEAPONGIVER.ASM
D:\CODE\AI SOURCE\LATEST VC6-VC10\VS2010\BUCKLAND_CHAPTER7 TO 10_RAVEN\DEBUG\TRIGGER_WEAPONGIVER.OBJ
D:\CODE\AI SOURCE\LATEST VC6-VC10\VS2010\BUCKLAND_CHAPTER7 TO 10_RAVEN\DEBUG\TRIGGER_WEAPONGIVER.SBR
D:\code\AI Source\LATEST vc6-vc10\VS2010\Buckland_Chapter7 to 10_Raven\Debug\vc100.idb
D:\CODE\AI SOURCE\LATEST VC6-VC10\VS2010\BUCKLAND_CHAPTER7 TO 10_RAVEN\DEBUG\VC100.PDB
D:\CODE\AI SOURCE\LATEST VC6-VC10\VS2010\BUCKLAND_CHAPTER7 TO 10_RAVEN\DEBUG\VECTOR2D.ASM
D:\CODE\AI SOURCE\LATEST VC6-VC10\VS2010\BUCKLAND_CHAPTER7 TO 10_RAVEN\DEBUG\VECTOR2D.OBJ
D:\CODE\AI SOURCE\LATEST VC6-VC10\VS2010\BUCKLAND_CHAPTER7 TO 10_RAVEN\DEBUG\VECTOR2D.SBR
D:\CODE\AI SOURCE\LATEST VC6-VC10\VS2010\BUCKLAND_CHAPTER7 TO 10_RAVEN\DEBUG\WEAPON_BLASTER.ASM
D:\CODE\AI SOURCE\LATEST VC6-VC10\VS2010\BUCKLAND_CHAPTER7 TO 10_RAVEN\DEBUG\WEAPON_BLASTER.OBJ
D:\CODE\AI SOURCE\LATEST VC6-VC10\VS2010\BUCKLAND_CHAPTER7 TO 10_RAVEN\DEBUG\WEAPON_BLASTER.SBR
D:\CODE\AI SOURCE\LATEST VC6-VC10\VS2010\BUCKLAND_CHAPTER7 TO 10_RAVEN\DEBUG\WEAPON_RAILGUN.ASM
D:\CODE\AI SOURCE\LATEST VC6-VC10\VS2010\BUCKLAND_CHAPTER7 TO 10_RAVEN\DEBUG\WEAPON_RAILGUN.OBJ
D:\CODE\AI SOURCE\LATEST VC6-VC10\VS2010\BUCKLAND_CHAPTER7 TO 10_RAVEN\DEBUG\WEAPON_RAILGUN.SBR
D:\CODE\AI SOURCE\LATEST VC6-VC10\VS2010\BUCKLAND_CHAPTER7 TO 10_RAVEN\DEBUG\WEAPON_ROCKETLAUNCHER.ASM
D:\CODE\AI SOURCE\LATEST VC6-VC10\VS2010\BUCKLAND_CHAPTER7 TO 10_RAVEN\DEBUG\WEAPON_ROCKETLAUNCHER.OBJ
D:\CODE\AI SOURCE\LATEST VC6-VC10\VS2010\BUCKLAND_CHAPTER7 TO 10_RAVEN\DEBUG\WEAPON_ROCKETLAUNCHER.SBR
D:\CODE\AI SOURCE\LATEST VC6-VC10\VS2010\BUCKLAND_CHAPTER7 TO 10_RAVEN\DEBUG\WEAPON_SHOTGUN.ASM
D:\CODE\AI SOURCE\LATEST VC6-VC10\VS2010\BUCKLAND_CHAPTER7 TO 10_RAVEN\DEBUG\WEAPON_SHOTGUN.OBJ
D:\CODE\AI SOURCE\LATEST VC6-VC10\VS2010\BUCKLAND_CHAPTER7 TO 10_RAVEN\DEBUG\WEAPON_SHOTGUN.SBR
D:\CODE\AI SOURCE\LATEST VC6-VC10\VS2010\BUCKLAND_CHAPTER7 TO 10_RAVEN\DEBUG\WINDOWUTILS.ASM
D:\CODE\AI SOURCE\LATEST VC6-VC10\VS2010\BUCKLAND_CHAPTER7 TO 10_RAVEN\DEBUG\WINDOWUTILS.OBJ
D:\CODE\AI SOURCE\LATEST VC6-VC10\VS2010\BUCKLAND_CHAPTER7 TO 10_RAVEN\DEBUG\WINDOWUTILS.SBR
