.\Release\SimpleSoccer.bsc
D:\code\AI Source\LATEST vc6-vc10\VS2010\Buckland_Chapter4-SimpleSoccer\.\Release\SimpleSoccer.exe
D:\code\AI Source\LATEST vc6-vc10\VS2010\Buckland_Chapter4-SimpleSoccer\.\Release\SimpleSoccer.exe.intermediate.manifest
D:\CODE\AI SOURCE\LATEST VC6-VC10\VS2010\BUCKLAND_CHAPTER4-SIMPLESOCCER\RELEASE\BASEGAMEENTITY.OBJ
D:\CODE\AI SOURCE\LATEST VC6-VC10\VS2010\BUCKLAND_CHAPTER4-SIMPLESOCCER\RELEASE\BASEGAMEENTITY.SBR
D:\code\AI Source\LATEST vc6-vc10\VS2010\Buckland_Chapter4-SimpleSoccer\Release\BscMake.command.1.tlog
D:\code\AI Source\LATEST vc6-vc10\VS2010\Buckland_Chapter4-SimpleSoccer\Release\bscmake.read.1.tlog
D:\code\AI Source\LATEST vc6-vc10\VS2010\Buckland_Chapter4-SimpleSoccer\Release\bscmake.write.1.tlog
D:\CODE\AI SOURCE\LATEST VC6-VC10\VS2010\BUCKLAND_CHAPTER4-SIMPLESOCCER\RELEASE\CGDI.OBJ
D:\CODE\AI SOURCE\LATEST VC6-VC10\VS2010\BUCKLAND_CHAPTER4-SIMPLESOCCER\RELEASE\CGDI.SBR
D:\code\AI Source\LATEST vc6-vc10\VS2010\Buckland_Chapter4-SimpleSoccer\Release\cl.command.1.tlog
D:\code\AI Source\LATEST vc6-vc10\VS2010\Buckland_Chapter4-SimpleSoccer\Release\CL.read.1.tlog
D:\code\AI Source\LATEST vc6-vc10\VS2010\Buckland_Chapter4-SimpleSoccer\Release\CL.write.1.tlog
D:\CODE\AI SOURCE\LATEST VC6-VC10\VS2010\BUCKLAND_CHAPTER4-SIMPLESOCCER\RELEASE\DEBUGCONSOLE.OBJ
D:\CODE\AI SOURCE\LATEST VC6-VC10\VS2010\BUCKLAND_CHAPTER4-SIMPLESOCCER\RELEASE\DEBUGCONSOLE.SBR
D:\CODE\AI SOURCE\LATEST VC6-VC10\VS2010\BUCKLAND_CHAPTER4-SIMPLESOCCER\RELEASE\ENTITYMANAGER.OBJ
D:\CODE\AI SOURCE\LATEST VC6-VC10\VS2010\BUCKLAND_CHAPTER4-SIMPLESOCCER\RELEASE\ENTITYMANAGER.SBR
D:\CODE\AI SOURCE\LATEST VC6-VC10\VS2010\BUCKLAND_CHAPTER4-SIMPLESOCCER\RELEASE\FIELDPLAYER.OBJ
D:\CODE\AI SOURCE\LATEST VC6-VC10\VS2010\BUCKLAND_CHAPTER4-SIMPLESOCCER\RELEASE\FIELDPLAYER.SBR
D:\CODE\AI SOURCE\LATEST VC6-VC10\VS2010\BUCKLAND_CHAPTER4-SIMPLESOCCER\RELEASE\FIELDPLAYERSTATES.OBJ
D:\CODE\AI SOURCE\LATEST VC6-VC10\VS2010\BUCKLAND_CHAPTER4-SIMPLESOCCER\RELEASE\FIELDPLAYERSTATES.SBR
D:\CODE\AI SOURCE\LATEST VC6-VC10\VS2010\BUCKLAND_CHAPTER4-SIMPLESOCCER\RELEASE\FRAMECOUNTER.OBJ
D:\CODE\AI SOURCE\LATEST VC6-VC10\VS2010\BUCKLAND_CHAPTER4-SIMPLESOCCER\RELEASE\FRAMECOUNTER.SBR
D:\CODE\AI SOURCE\LATEST VC6-VC10\VS2010\BUCKLAND_CHAPTER4-SIMPLESOCCER\RELEASE\GOALKEEPER.OBJ
D:\CODE\AI SOURCE\LATEST VC6-VC10\VS2010\BUCKLAND_CHAPTER4-SIMPLESOCCER\RELEASE\GOALKEEPER.SBR
D:\CODE\AI SOURCE\LATEST VC6-VC10\VS2010\BUCKLAND_CHAPTER4-SIMPLESOCCER\RELEASE\GOALKEEPERSTATES.OBJ
D:\CODE\AI SOURCE\LATEST VC6-VC10\VS2010\BUCKLAND_CHAPTER4-SIMPLESOCCER\RELEASE\GOALKEEPERSTATES.SBR
D:\CODE\AI SOURCE\LATEST VC6-VC10\VS2010\BUCKLAND_CHAPTER4-SIMPLESOCCER\RELEASE\INIFILELOADERBASE.OBJ
D:\CODE\AI SOURCE\LATEST VC6-VC10\VS2010\BUCKLAND_CHAPTER4-SIMPLESOCCER\RELEASE\INIFILELOADERBASE.SBR
D:\code\AI Source\LATEST vc6-vc10\VS2010\Buckland_Chapter4-SimpleSoccer\Release\link.command.1.tlog
D:\code\AI Source\LATEST vc6-vc10\VS2010\Buckland_Chapter4-SimpleSoccer\Release\link.read.1.tlog
D:\code\AI Source\LATEST vc6-vc10\VS2010\Buckland_Chapter4-SimpleSoccer\Release\link.write.1.tlog
D:\code\AI Source\LATEST vc6-vc10\VS2010\Buckland_Chapter4-SimpleSoccer\Release\link-cvtres.read.1.tlog
D:\code\AI Source\LATEST vc6-vc10\VS2010\Buckland_Chapter4-SimpleSoccer\Release\link-cvtres.write.1.tlog
D:\CODE\AI SOURCE\LATEST VC6-VC10\VS2010\BUCKLAND_CHAPTER4-SIMPLESOCCER\RELEASE\MAIN.OBJ
D:\CODE\AI SOURCE\LATEST VC6-VC10\VS2010\BUCKLAND_CHAPTER4-SIMPLESOCCER\RELEASE\MAIN.SBR
D:\CODE\AI SOURCE\LATEST VC6-VC10\VS2010\BUCKLAND_CHAPTER4-SIMPLESOCCER\RELEASE\MESSAGEDISPATCHER.OBJ
D:\CODE\AI SOURCE\LATEST VC6-VC10\VS2010\BUCKLAND_CHAPTER4-SIMPLESOCCER\RELEASE\MESSAGEDISPATCHER.SBR
D:\code\AI Source\LATEST vc6-vc10\VS2010\Buckland_Chapter4-SimpleSoccer\Release\mt.command.1.tlog
D:\code\AI Source\LATEST vc6-vc10\VS2010\Buckland_Chapter4-SimpleSoccer\Release\mt.read.1.tlog
D:\code\AI Source\LATEST vc6-vc10\VS2010\Buckland_Chapter4-SimpleSoccer\Release\mt.write.1.tlog
D:\CODE\AI SOURCE\LATEST VC6-VC10\VS2010\BUCKLAND_CHAPTER4-SIMPLESOCCER\RELEASE\PARAMLOADER.OBJ
D:\CODE\AI SOURCE\LATEST VC6-VC10\VS2010\BUCKLAND_CHAPTER4-SIMPLESOCCER\RELEASE\PARAMLOADER.SBR
D:\CODE\AI SOURCE\LATEST VC6-VC10\VS2010\BUCKLAND_CHAPTER4-SIMPLESOCCER\RELEASE\PLAYERBASE.OBJ
D:\CODE\AI SOURCE\LATEST VC6-VC10\VS2010\BUCKLAND_CHAPTER4-SIMPLESOCCER\RELEASE\PLAYERBASE.SBR
D:\CODE\AI SOURCE\LATEST VC6-VC10\VS2010\BUCKLAND_CHAPTER4-SIMPLESOCCER\RELEASE\PRECISIONTIMER.OBJ
D:\CODE\AI SOURCE\LATEST VC6-VC10\VS2010\BUCKLAND_CHAPTER4-SIMPLESOCCER\RELEASE\PRECISIONTIMER.SBR
D:\code\AI Source\LATEST vc6-vc10\VS2010\Buckland_Chapter4-SimpleSoccer\Release\rc.command.1.tlog
D:\code\AI Source\LATEST vc6-vc10\VS2010\Buckland_Chapter4-SimpleSoccer\Release\rc.read.1.tlog
D:\code\AI Source\LATEST vc6-vc10\VS2010\Buckland_Chapter4-SimpleSoccer\Release\rc.write.1.tlog
D:\CODE\AI SOURCE\LATEST VC6-VC10\VS2010\BUCKLAND_CHAPTER4-SIMPLESOCCER\RELEASE\SCRIPT1.RES
D:\CODE\AI SOURCE\LATEST VC6-VC10\VS2010\BUCKLAND_CHAPTER4-SIMPLESOCCER\RELEASE\SIMPLESOCCER.BSC
D:\CODE\AI SOURCE\LATEST VC6-VC10\VS2010\BUCKLAND_CHAPTER4-SIMPLESOCCER\RELEASE\SIMPLESOCCER.EXE
D:\CODE\AI SOURCE\LATEST VC6-VC10\VS2010\BUCKLAND_CHAPTER4-SIMPLESOCCER\RELEASE\SIMPLESOCCER.EXE.INTERMEDIATE.MANIFEST
D:\code\AI Source\LATEST vc6-vc10\VS2010\Buckland_Chapter4-SimpleSoccer\Release\SimpleSoccer.write.1.tlog
D:\CODE\AI SOURCE\LATEST VC6-VC10\VS2010\BUCKLAND_CHAPTER4-SIMPLESOCCER\RELEASE\SOCCERBALL.OBJ
D:\CODE\AI SOURCE\LATEST VC6-VC10\VS2010\BUCKLAND_CHAPTER4-SIMPLESOCCER\RELEASE\SOCCERBALL.SBR
D:\CODE\AI SOURCE\LATEST VC6-VC10\VS2010\BUCKLAND_CHAPTER4-SIMPLESOCCER\RELEASE\SOCCERMESSAGES.OBJ
D:\CODE\AI SOURCE\LATEST VC6-VC10\VS2010\BUCKLAND_CHAPTER4-SIMPLESOCCER\RELEASE\SOCCERMESSAGES.SBR
D:\CODE\AI SOURCE\LATEST VC6-VC10\VS2010\BUCKLAND_CHAPTER4-SIMPLESOCCER\RELEASE\SOCCERPITCH.OBJ
D:\CODE\AI SOURCE\LATEST VC6-VC10\VS2010\BUCKLAND_CHAPTER4-SIMPLESOCCER\RELEASE\SOCCERPITCH.SBR
D:\CODE\AI SOURCE\LATEST VC6-VC10\VS2010\BUCKLAND_CHAPTER4-SIMPLESOCCER\RELEASE\SOCCERTEAM.OBJ
D:\CODE\AI SOURCE\LATEST VC6-VC10\VS2010\BUCKLAND_CHAPTER4-SIMPLESOCCER\RELEASE\SOCCERTEAM.SBR
D:\CODE\AI SOURCE\LATEST VC6-VC10\VS2010\BUCKLAND_CHAPTER4-SIMPLESOCCER\RELEASE\STEERINGBEHAVIORS.OBJ
D:\CODE\AI SOURCE\LATEST VC6-VC10\VS2010\BUCKLAND_CHAPTER4-SIMPLESOCCER\RELEASE\STEERINGBEHAVIORS.SBR
D:\CODE\AI SOURCE\LATEST VC6-VC10\VS2010\BUCKLAND_CHAPTER4-SIMPLESOCCER\RELEASE\SUPPORTSPOTCALCULATOR.OBJ
D:\CODE\AI SOURCE\LATEST VC6-VC10\VS2010\BUCKLAND_CHAPTER4-SIMPLESOCCER\RELEASE\SUPPORTSPOTCALCULATOR.SBR
D:\CODE\AI SOURCE\LATEST VC6-VC10\VS2010\BUCKLAND_CHAPTER4-SIMPLESOCCER\RELEASE\TEAMSTATES.OBJ
D:\CODE\AI SOURCE\LATEST VC6-VC10\VS2010\BUCKLAND_CHAPTER4-SIMPLESOCCER\RELEASE\TEAMSTATES.SBR
D:\CODE\AI SOURCE\LATEST VC6-VC10\VS2010\BUCKLAND_CHAPTER4-SIMPLESOCCER\RELEASE\VC100.PDB
D:\CODE\AI SOURCE\LATEST VC6-VC10\VS2010\BUCKLAND_CHAPTER4-SIMPLESOCCER\RELEASE\VECTOR2D.OBJ
D:\CODE\AI SOURCE\LATEST VC6-VC10\VS2010\BUCKLAND_CHAPTER4-SIMPLESOCCER\RELEASE\VECTOR2D.SBR
D:\CODE\AI SOURCE\LATEST VC6-VC10\VS2010\BUCKLAND_CHAPTER4-SIMPLESOCCER\RELEASE\WINDOWUTILS.OBJ
D:\CODE\AI SOURCE\LATEST VC6-VC10\VS2010\BUCKLAND_CHAPTER4-SIMPLESOCCER\RELEASE\WINDOWUTILS.SBR
