.\Debug\Steering.bsc
.\Debug\Steering.ilk
.\Debug\Steering.pdb
D:\code\AI Source\LATEST vc6-vc10\VS2010\Buckland_Chapter3-Steering Behaviors\.\Debug\Steering.exe
D:\code\AI Source\LATEST vc6-vc10\VS2010\Buckland_Chapter3-Steering Behaviors\.\Debug\Steering.exe.intermediate.manifest
D:\code\AI Source\LATEST vc6-vc10\VS2010\Buckland_Chapter3-Steering Behaviors\Debug\BscMake.command.1.tlog
D:\code\AI Source\LATEST vc6-vc10\VS2010\Buckland_Chapter3-Steering Behaviors\Debug\bscmake.read.1.tlog
D:\code\AI Source\LATEST vc6-vc10\VS2010\Buckland_Chapter3-Steering Behaviors\Debug\bscmake.write.1.tlog
D:\CODE\AI SOURCE\LATEST VC6-VC10\VS2010\BUCKLAND_CHAPTER3-STEERING BEHAVIORS\DEBUG\CGDI.OBJ
D:\CODE\AI SOURCE\LATEST VC6-VC10\VS2010\BUCKLAND_CHAPTER3-STEERING BEHAVIORS\DEBUG\CGDI.SBR
D:\code\AI Source\LATEST vc6-vc10\VS2010\Buckland_Chapter3-Steering Behaviors\Debug\cl.command.1.tlog
D:\code\AI Source\LATEST vc6-vc10\VS2010\Buckland_Chapter3-Steering Behaviors\Debug\CL.read.1.tlog
D:\code\AI Source\LATEST vc6-vc10\VS2010\Buckland_Chapter3-Steering Behaviors\Debug\CL.write.1.tlog
D:\CODE\AI SOURCE\LATEST VC6-VC10\VS2010\BUCKLAND_CHAPTER3-STEERING BEHAVIORS\DEBUG\GAMEWORLD.OBJ
D:\CODE\AI SOURCE\LATEST VC6-VC10\VS2010\BUCKLAND_CHAPTER3-STEERING BEHAVIORS\DEBUG\GAMEWORLD.SBR
D:\CODE\AI SOURCE\LATEST VC6-VC10\VS2010\BUCKLAND_CHAPTER3-STEERING BEHAVIORS\DEBUG\INIFILELOADERBASE.OBJ
D:\CODE\AI SOURCE\LATEST VC6-VC10\VS2010\BUCKLAND_CHAPTER3-STEERING BEHAVIORS\DEBUG\INIFILELOADERBASE.SBR
D:\code\AI Source\LATEST vc6-vc10\VS2010\Buckland_Chapter3-Steering Behaviors\Debug\link.10712.read.1.tlog
D:\code\AI Source\LATEST vc6-vc10\VS2010\Buckland_Chapter3-Steering Behaviors\Debug\link.10712.write.1.tlog
D:\code\AI Source\LATEST vc6-vc10\VS2010\Buckland_Chapter3-Steering Behaviors\Debug\link.10712-cvtres.read.1.tlog
D:\code\AI Source\LATEST vc6-vc10\VS2010\Buckland_Chapter3-Steering Behaviors\Debug\link.10712-cvtres.write.1.tlog
D:\code\AI Source\LATEST vc6-vc10\VS2010\Buckland_Chapter3-Steering Behaviors\Debug\link.command.1.tlog
D:\code\AI Source\LATEST vc6-vc10\VS2010\Buckland_Chapter3-Steering Behaviors\Debug\link.read.1.tlog
D:\code\AI Source\LATEST vc6-vc10\VS2010\Buckland_Chapter3-Steering Behaviors\Debug\link.write.1.tlog
D:\code\AI Source\LATEST vc6-vc10\VS2010\Buckland_Chapter3-Steering Behaviors\Debug\link-cvtres.read.1.tlog
D:\code\AI Source\LATEST vc6-vc10\VS2010\Buckland_Chapter3-Steering Behaviors\Debug\link-cvtres.write.1.tlog
D:\CODE\AI SOURCE\LATEST VC6-VC10\VS2010\BUCKLAND_CHAPTER3-STEERING BEHAVIORS\DEBUG\MAIN.OBJ
D:\CODE\AI SOURCE\LATEST VC6-VC10\VS2010\BUCKLAND_CHAPTER3-STEERING BEHAVIORS\DEBUG\MAIN.SBR
D:\code\AI Source\LATEST vc6-vc10\VS2010\Buckland_Chapter3-Steering Behaviors\Debug\mt.command.1.tlog
D:\code\AI Source\LATEST vc6-vc10\VS2010\Buckland_Chapter3-Steering Behaviors\Debug\mt.read.1.tlog
D:\code\AI Source\LATEST vc6-vc10\VS2010\Buckland_Chapter3-Steering Behaviors\Debug\mt.write.1.tlog
D:\CODE\AI SOURCE\LATEST VC6-VC10\VS2010\BUCKLAND_CHAPTER3-STEERING BEHAVIORS\DEBUG\OBSTACLE.OBJ
D:\CODE\AI SOURCE\LATEST VC6-VC10\VS2010\BUCKLAND_CHAPTER3-STEERING BEHAVIORS\DEBUG\OBSTACLE.SBR
D:\CODE\AI SOURCE\LATEST VC6-VC10\VS2010\BUCKLAND_CHAPTER3-STEERING BEHAVIORS\DEBUG\PARAMLOADER.OBJ
D:\CODE\AI SOURCE\LATEST VC6-VC10\VS2010\BUCKLAND_CHAPTER3-STEERING BEHAVIORS\DEBUG\PARAMLOADER.SBR
D:\CODE\AI SOURCE\LATEST VC6-VC10\VS2010\BUCKLAND_CHAPTER3-STEERING BEHAVIORS\DEBUG\PATH.OBJ
D:\CODE\AI SOURCE\LATEST VC6-VC10\VS2010\BUCKLAND_CHAPTER3-STEERING BEHAVIORS\DEBUG\PATH.SBR
D:\CODE\AI SOURCE\LATEST VC6-VC10\VS2010\BUCKLAND_CHAPTER3-STEERING BEHAVIORS\DEBUG\PRECISIONTIMER.OBJ
D:\CODE\AI SOURCE\LATEST VC6-VC10\VS2010\BUCKLAND_CHAPTER3-STEERING BEHAVIORS\DEBUG\PRECISIONTIMER.SBR
D:\code\AI Source\LATEST vc6-vc10\VS2010\Buckland_Chapter3-Steering Behaviors\Debug\rc.command.1.tlog
D:\code\AI Source\LATEST vc6-vc10\VS2010\Buckland_Chapter3-Steering Behaviors\Debug\rc.read.1.tlog
D:\code\AI Source\LATEST vc6-vc10\VS2010\Buckland_Chapter3-Steering Behaviors\Debug\rc.write.1.tlog
D:\CODE\AI SOURCE\LATEST VC6-VC10\VS2010\BUCKLAND_CHAPTER3-STEERING BEHAVIORS\DEBUG\SCRIPT1.RES
D:\CODE\AI SOURCE\LATEST VC6-VC10\VS2010\BUCKLAND_CHAPTER3-STEERING BEHAVIORS\DEBUG\STEERING.BSC
D:\CODE\AI SOURCE\LATEST VC6-VC10\VS2010\BUCKLAND_CHAPTER3-STEERING BEHAVIORS\DEBUG\STEERING.EXE
D:\CODE\AI SOURCE\LATEST VC6-VC10\VS2010\BUCKLAND_CHAPTER3-STEERING BEHAVIORS\DEBUG\STEERING.EXE.EMBED.MANIFEST
D:\CODE\AI SOURCE\LATEST VC6-VC10\VS2010\BUCKLAND_CHAPTER3-STEERING BEHAVIORS\DEBUG\STEERING.EXE.EMBED.MANIFEST.RES
D:\CODE\AI SOURCE\LATEST VC6-VC10\VS2010\BUCKLAND_CHAPTER3-STEERING BEHAVIORS\DEBUG\STEERING.EXE.INTERMEDIATE.MANIFEST
D:\CODE\AI SOURCE\LATEST VC6-VC10\VS2010\BUCKLAND_CHAPTER3-STEERING BEHAVIORS\DEBUG\STEERING.ILK
D:\CODE\AI SOURCE\LATEST VC6-VC10\VS2010\BUCKLAND_CHAPTER3-STEERING BEHAVIORS\DEBUG\STEERING.PDB
D:\code\AI Source\LATEST vc6-vc10\VS2010\Buckland_Chapter3-Steering Behaviors\Debug\Steering.write.1.tlog
D:\code\AI Source\LATEST vc6-vc10\VS2010\Buckland_Chapter3-Steering Behaviors\Debug\Steering_manifest.rc
D:\CODE\AI SOURCE\LATEST VC6-VC10\VS2010\BUCKLAND_CHAPTER3-STEERING BEHAVIORS\DEBUG\STEERINGBEHAVIORS.OBJ
D:\CODE\AI SOURCE\LATEST VC6-VC10\VS2010\BUCKLAND_CHAPTER3-STEERING BEHAVIORS\DEBUG\STEERINGBEHAVIORS.SBR
D:\code\AI Source\LATEST vc6-vc10\VS2010\Buckland_Chapter3-Steering Behaviors\Debug\vc100.idb
D:\CODE\AI SOURCE\LATEST VC6-VC10\VS2010\BUCKLAND_CHAPTER3-STEERING BEHAVIORS\DEBUG\VC100.PDB
D:\CODE\AI SOURCE\LATEST VC6-VC10\VS2010\BUCKLAND_CHAPTER3-STEERING BEHAVIORS\DEBUG\VECTOR2D.OBJ
D:\CODE\AI SOURCE\LATEST VC6-VC10\VS2010\BUCKLAND_CHAPTER3-STEERING BEHAVIORS\DEBUG\VECTOR2D.SBR
D:\CODE\AI SOURCE\LATEST VC6-VC10\VS2010\BUCKLAND_CHAPTER3-STEERING BEHAVIORS\DEBUG\VEHICLE.OBJ
D:\CODE\AI SOURCE\LATEST VC6-VC10\VS2010\BUCKLAND_CHAPTER3-STEERING BEHAVIORS\DEBUG\VEHICLE.SBR
D:\CODE\AI SOURCE\LATEST VC6-VC10\VS2010\BUCKLAND_CHAPTER3-STEERING BEHAVIORS\DEBUG\WINDOWUTILS.OBJ
D:\CODE\AI SOURCE\LATEST VC6-VC10\VS2010\BUCKLAND_CHAPTER3-STEERING BEHAVIORS\DEBUG\WINDOWUTILS.SBR
