生成启动时间为 2018/4/22 0:12:29。
     1>项目“D:\code\AI Source\LATEST vc6-vc10\VS2010\Buckland_Chapter2-State Machines\WestWorldWithMessaging\WestWorldWithMessaging.vcxproj”在节点 2 上(build 个目标)。
     1>InitializeBuildStatus:
         正在创建“.\Debug\WestWorldWithMessaging.unsuccessfulbuild”，因为已指定“AlwaysCreate”。
       ClCompile:
         所有输出均为最新。
       ManifestResourceCompile:
         所有输出均为最新。
       Link:
         所有输出均为最新。
       Manifest:
         所有输出均为最新。
       BscMake:
         所有输出均为最新。
       FinalizeBuildStatus:
         正在删除文件“.\Debug\WestWorldWithMessaging.unsuccessfulbuild”。
         正在对“.\Debug\WestWorldWithMessaging.lastbuildstate”执行 Touch 任务。
     1>已完成生成项目“D:\code\AI Source\LATEST vc6-vc10\VS2010\Buckland_Chapter2-State Machines\WestWorldWithMessaging\WestWorldWithMessaging.vcxproj”(build 个目标)的操作。

生成成功。

已用时间 00:00:00.03
