.\Release\cpp_using_lua.bsc
D:\code\AI Source\LATEST vc6-vc10\VS2010\Buckland_Chapter6_Scripting_Source\cpp_using_lua\.\Release\cpp_using_lua.exe
D:\code\AI Source\LATEST vc6-vc10\VS2010\Buckland_Chapter6_Scripting_Source\cpp_using_lua\.\Release\cpp_using_lua.exe.intermediate.manifest
D:\code\AI Source\LATEST vc6-vc10\VS2010\Buckland_Chapter6_Scripting_Source\cpp_using_lua\Release\BscMake.command.1.tlog
D:\code\AI Source\LATEST vc6-vc10\VS2010\Buckland_Chapter6_Scripting_Source\cpp_using_lua\Release\bscmake.read.1.tlog
D:\code\AI Source\LATEST vc6-vc10\VS2010\Buckland_Chapter6_Scripting_Source\cpp_using_lua\Release\bscmake.write.1.tlog
D:\code\AI Source\LATEST vc6-vc10\VS2010\Buckland_Chapter6_Scripting_Source\cpp_using_lua\Release\cl.command.1.tlog
D:\code\AI Source\LATEST vc6-vc10\VS2010\Buckland_Chapter6_Scripting_Source\cpp_using_lua\Release\CL.read.1.tlog
D:\code\AI Source\LATEST vc6-vc10\VS2010\Buckland_Chapter6_Scripting_Source\cpp_using_lua\Release\CL.write.1.tlog
D:\CODE\AI SOURCE\LATEST VC6-VC10\VS2010\BUCKLAND_CHAPTER6_SCRIPTING_SOURCE\CPP_USING_LUA\RELEASE\CPP_USING_LUA.BSC
D:\CODE\AI SOURCE\LATEST VC6-VC10\VS2010\BUCKLAND_CHAPTER6_SCRIPTING_SOURCE\CPP_USING_LUA\RELEASE\CPP_USING_LUA.EXE
D:\CODE\AI SOURCE\LATEST VC6-VC10\VS2010\BUCKLAND_CHAPTER6_SCRIPTING_SOURCE\CPP_USING_LUA\RELEASE\CPP_USING_LUA.EXE.INTERMEDIATE.MANIFEST
D:\code\AI Source\LATEST vc6-vc10\VS2010\Buckland_Chapter6_Scripting_Source\cpp_using_lua\Release\cpp_using_lua.write.1.tlog
D:\code\AI Source\LATEST vc6-vc10\VS2010\Buckland_Chapter6_Scripting_Source\cpp_using_lua\Release\link.command.1.tlog
D:\code\AI Source\LATEST vc6-vc10\VS2010\Buckland_Chapter6_Scripting_Source\cpp_using_lua\Release\link.read.1.tlog
D:\code\AI Source\LATEST vc6-vc10\VS2010\Buckland_Chapter6_Scripting_Source\cpp_using_lua\Release\link.write.1.tlog
D:\CODE\AI SOURCE\LATEST VC6-VC10\VS2010\BUCKLAND_CHAPTER6_SCRIPTING_SOURCE\CPP_USING_LUA\RELEASE\MAIN.OBJ
D:\CODE\AI SOURCE\LATEST VC6-VC10\VS2010\BUCKLAND_CHAPTER6_SCRIPTING_SOURCE\CPP_USING_LUA\RELEASE\MAIN.SBR
D:\code\AI Source\LATEST vc6-vc10\VS2010\Buckland_Chapter6_Scripting_Source\cpp_using_lua\Release\mt.command.1.tlog
D:\code\AI Source\LATEST vc6-vc10\VS2010\Buckland_Chapter6_Scripting_Source\cpp_using_lua\Release\mt.read.1.tlog
D:\code\AI Source\LATEST vc6-vc10\VS2010\Buckland_Chapter6_Scripting_Source\cpp_using_lua\Release\mt.write.1.tlog
D:\CODE\AI SOURCE\LATEST VC6-VC10\VS2010\BUCKLAND_CHAPTER6_SCRIPTING_SOURCE\CPP_USING_LUA\RELEASE\VC100.PDB
