生成启动时间为 2018/4/22 2:56:44。
     1>项目“D:\code\AI Source\LATEST vc6-vc10\VS2010\Buckland_Chapter6_Scripting_Source\ScriptedStateMachine\ScriptedStateMachine\ScriptedStateMachine.vcxproj”在节点 2 上(rebuild 个目标)。
     1>_PrepareForClean:
         正在删除文件“Debug\ScriptedStateMachine.lastbuildstate”。
       InitializeBuildStatus:
         正在对“Debug\ScriptedStateMachine.unsuccessfulbuild”执行 Touch 任务。
       ClCompile:
         D:\Program Files (x86)\VS2010\VC\bin\CL.exe /c /ZI /nologo /W3 /WX- /Od /Oy- /D WIN32 /D _DEBUG /D _CONSOLE /D _UNICODE /D UNICODE /Gm /EHsc /RTC1 /MDd /GS /fp:precise /Zc:wchar_t /Zc:forScope /Fo"Debug\\" /Fd"Debug\vc100.pdb" /Gd /TP /analyze- /errorReport:prompt main.cpp Miner.cpp
         Miner.cpp
         Unknown compiler version - please run the configure tests and report the results
     1>d:\code\ai source\latest vc6-vc10\boost_1_31_0\boost\type_traits\is_base_and_derived.hpp : warning C4819: 该文件包含不能在当前代码页(936)中表示的字符。请将该文件保存为 Unicode 格式以防止数据丢失
     1>d:\code\ai source\latest vc6-vc10\boost_1_31_0\boost\type_traits\type_with_alignment.hpp(204): warning C4018: “>=”: 有符号/无符号不匹配
                 d:\code\ai source\latest vc6-vc10\boost_1_31_0\boost\type_traits\type_with_alignment.hpp(209): 参见对正在编译的类 模板 实例化“boost::type_with_alignment<Align>”的引用
     1>d:\code\ai source\latest vc6-vc10\boost_1_31_0\boost\utility\enable_if.hpp : warning C4819: 该文件包含不能在当前代码页(936)中表示的字符。请将该文件保存为 Unicode 格式以防止数据丢失
     1>d:\code\ai source\latest vc6-vc10\vs2010\common\luabind\luabind\class.hpp(91): fatal error C1083: 无法打开包括文件:“boost/mpl/eval_if.hpp”: No such file or directory
         main.cpp
         Unknown compiler version - please run the configure tests and report the results
     1>d:\code\ai source\latest vc6-vc10\boost_1_31_0\boost\type_traits\is_base_and_derived.hpp : warning C4819: 该文件包含不能在当前代码页(936)中表示的字符。请将该文件保存为 Unicode 格式以防止数据丢失
     1>d:\code\ai source\latest vc6-vc10\boost_1_31_0\boost\type_traits\type_with_alignment.hpp(204): warning C4018: “>=”: 有符号/无符号不匹配
                 d:\code\ai source\latest vc6-vc10\boost_1_31_0\boost\type_traits\type_with_alignment.hpp(209): 参见对正在编译的类 模板 实例化“boost::type_with_alignment<Align>”的引用
     1>d:\code\ai source\latest vc6-vc10\boost_1_31_0\boost\utility\enable_if.hpp : warning C4819: 该文件包含不能在当前代码页(936)中表示的字符。请将该文件保存为 Unicode 格式以防止数据丢失
     1>d:\code\ai source\latest vc6-vc10\vs2010\common\luabind\luabind\class.hpp(91): fatal error C1083: 无法打开包括文件:“boost/mpl/eval_if.hpp”: No such file or directory
         正在生成代码...
     1>已完成生成项目“D:\code\AI Source\LATEST vc6-vc10\VS2010\Buckland_Chapter6_Scripting_Source\ScriptedStateMachine\ScriptedStateMachine\ScriptedStateMachine.vcxproj”(rebuild 个目标)的操作 - 失败。

生成失败。

已用时间 00:00:02.44
